mode: atomic
github.com/dannyhinshaw/converge/gonverge/gofile.go:23.26,27.2 1 3
github.com/dannyhinshaw/converge/gonverge/gofile.go:30.47,32.2 1 0
github.com/dannyhinshaw/converge/gonverge/gofile.go:35.42,38.2 2 1
github.com/dannyhinshaw/converge/gonverge/gofile.go:42.36,43.21 1 1
github.com/dannyhinshaw/converge/gonverge/gofile.go:43.21,45.3 1 1
github.com/dannyhinshaw/converge/gonverge/gofile.go:47.2,47.30 1 1
github.com/dannyhinshaw/converge/gonverge/gofile.go:47.30,49.3 1 0
github.com/dannyhinshaw/converge/gonverge/gofile.go:51.2,52.22 2 1
github.com/dannyhinshaw/converge/gonverge/gofile.go:57.40,58.25 1 0
github.com/dannyhinshaw/converge/gonverge/gofile.go:58.25,60.3 1 0
github.com/dannyhinshaw/converge/gonverge/gofile.go:62.2,63.25 2 0
github.com/dannyhinshaw/converge/gonverge/gofile.go:63.25,64.30 1 0
github.com/dannyhinshaw/converge/gonverge/gofile.go:64.30,68.4 3 0
github.com/dannyhinshaw/converge/gonverge/gofile.go:69.8,71.30 2 0
github.com/dannyhinshaw/converge/gonverge/gofile.go:71.30,75.4 3 0
github.com/dannyhinshaw/converge/gonverge/gofile.go:76.3,76.29 1 0
github.com/dannyhinshaw/converge/gonverge/gofile.go:79.2,79.25 1 0
github.com/dannyhinshaw/converge/gonverge/gofile.go:83.47,88.24 5 2
github.com/dannyhinshaw/converge/gonverge/gofile.go:88.24,90.3 1 0
github.com/dannyhinshaw/converge/gonverge/gofile.go:91.2,94.48 2 2
github.com/dannyhinshaw/converge/gonverge/gonverge.go:24.58,29.27 2 2
github.com/dannyhinshaw/converge/gonverge/gonverge.go:29.27,31.3 1 2
github.com/dannyhinshaw/converge/gonverge/gonverge.go:33.2,33.13 1 2
github.com/dannyhinshaw/converge/gonverge/gonverge.go:38.95,50.38 5 2
github.com/dannyhinshaw/converge/gonverge/gonverge.go:50.38,52.18 2 2
github.com/dannyhinshaw/converge/gonverge/gonverge.go:52.18,56.4 3 2
github.com/dannyhinshaw/converge/gonverge/gonverge.go:60.2,66.12 3 2
github.com/dannyhinshaw/converge/gonverge/gonverge.go:66.12,70.3 3 2
github.com/dannyhinshaw/converge/gonverge/gonverge.go:72.2,73.16 2 2
github.com/dannyhinshaw/converge/gonverge/gonverge.go:73.16,75.3 1 0
github.com/dannyhinshaw/converge/gonverge/gonverge.go:77.2,78.16 2 2
github.com/dannyhinshaw/converge/gonverge/gonverge.go:78.16,80.3 1 1
github.com/dannyhinshaw/converge/gonverge/gonverge.go:82.2,83.16 2 1
github.com/dannyhinshaw/converge/gonverge/gonverge.go:83.16,85.3 1 0
github.com/dannyhinshaw/converge/gonverge/gonverge.go:87.2,87.12 1 1
github.com/dannyhinshaw/converge/gonverge/gonverge.go:91.119,93.6 2 2
github.com/dannyhinshaw/converge/gonverge/gonverge.go:93.6,94.10 1 3
github.com/dannyhinshaw/converge/gonverge/gonverge.go:95.21,97.25 2 0
github.com/dannyhinshaw/converge/gonverge/gonverge.go:98.27,100.11 2 0
github.com/dannyhinshaw/converge/gonverge/gonverge.go:100.11,103.5 2 0
github.com/dannyhinshaw/converge/gonverge/gonverge.go:104.4,105.19 2 0
github.com/dannyhinshaw/converge/gonverge/gonverge.go:106.25,108.11 2 3
github.com/dannyhinshaw/converge/gonverge/gonverge.go:108.11,111.5 2 2
github.com/dannyhinshaw/converge/gonverge/gonverge.go:113.4,115.24 3 1
github.com/dannyhinshaw/converge/gonverge/options.go:7.44,8.36 1 2
github.com/dannyhinshaw/converge/gonverge/options.go:8.36,10.3 1 2
github.com/dannyhinshaw/converge/gonverge/options.go:14.51,15.36 1 0
github.com/dannyhinshaw/converge/gonverge/options.go:15.36,17.3 1 0
github.com/dannyhinshaw/converge/gonverge/processor.go:49.55,53.2 1 1
github.com/dannyhinshaw/converge/gonverge/processor.go:57.52,59.16 2 1
github.com/dannyhinshaw/converge/gonverge/processor.go:59.16,61.3 1 0
github.com/dannyhinshaw/converge/gonverge/processor.go:65.2,66.16 2 1
github.com/dannyhinshaw/converge/gonverge/processor.go:66.16,69.3 2 0
github.com/dannyhinshaw/converge/gonverge/processor.go:70.2,74.21 4 1
github.com/dannyhinshaw/converge/gonverge/processor.go:74.21,75.34 1 2
github.com/dannyhinshaw/converge/gonverge/processor.go:76.46,78.29 2 1
github.com/dannyhinshaw/converge/gonverge/processor.go:79.55,80.32 1 0
github.com/dannyhinshaw/converge/gonverge/processor.go:81.49,82.60 1 0
github.com/dannyhinshaw/converge/gonverge/processor.go:83.73,84.29 1 0
github.com/dannyhinshaw/converge/gonverge/processor.go:85.22,86.23 1 0
github.com/dannyhinshaw/converge/gonverge/processor.go:87.11,88.24 1 1
github.com/dannyhinshaw/converge/gonverge/processor.go:91.2,91.37 1 1
github.com/dannyhinshaw/converge/gonverge/processor.go:91.37,93.3 1 0
github.com/dannyhinshaw/converge/gonverge/processor.go:95.2,95.17 1 1
github.com/dannyhinshaw/converge/gonverge/processor.go:100.42,102.2 1 2
github.com/dannyhinshaw/converge/gonverge/processor.go:106.39,108.2 1 0
github.com/dannyhinshaw/converge/gonverge/worker.go:22.76,27.2 1 2
github.com/dannyhinshaw/converge/gonverge/worker.go:31.45,33.90 2 2
github.com/dannyhinshaw/converge/gonverge/worker.go:33.90,34.17 1 3
github.com/dannyhinshaw/converge/gonverge/worker.go:34.17,36.4 1 0
github.com/dannyhinshaw/converge/gonverge/worker.go:37.3,37.16 1 3
github.com/dannyhinshaw/converge/gonverge/worker.go:37.16,39.4 1 2
github.com/dannyhinshaw/converge/gonverge/worker.go:41.3,42.17 2 1
github.com/dannyhinshaw/converge/gonverge/worker.go:42.17,44.4 1 0
github.com/dannyhinshaw/converge/gonverge/worker.go:45.3,45.23 1 1
github.com/dannyhinshaw/converge/gonverge/worker.go:45.23,47.4 1 0
github.com/dannyhinshaw/converge/gonverge/worker.go:49.3,52.13 3 1
github.com/dannyhinshaw/converge/gonverge/worker.go:54.2,54.16 1 2
github.com/dannyhinshaw/converge/gonverge/worker.go:54.16,56.3 1 0
github.com/dannyhinshaw/converge/gonverge/worker.go:74.96,80.2 1 2
github.com/dannyhinshaw/converge/gonverge/worker.go:89.54,90.6 1 2
github.com/dannyhinshaw/converge/gonverge/worker.go:90.6,91.10 1 3
github.com/dannyhinshaw/converge/gonverge/worker.go:92.21,93.10 1 0
github.com/dannyhinshaw/converge/gonverge/worker.go:94.19,95.10 1 0
github.com/dannyhinshaw/converge/gonverge/worker.go:96.28,97.11 1 3
github.com/dannyhinshaw/converge/gonverge/worker.go:97.11,99.5 1 2
github.com/dannyhinshaw/converge/gonverge/worker.go:100.4,102.18 3 1
github.com/dannyhinshaw/converge/gonverge/worker.go:102.18,105.5 2 0
github.com/dannyhinshaw/converge/gonverge/worker.go:106.4,106.19 1 1
github.com/dannyhinshaw/converge/gonverge/worker.go:112.43,113.48 1 1
github.com/dannyhinshaw/converge/gonverge/worker.go:113.48,115.3 1 0
github.com/dannyhinshaw/converge/gonverge/worker.go:116.2,116.52 1 1
github.com/dannyhinshaw/converge/gonverge/worker.go:116.52,118.3 1 0
github.com/dannyhinshaw/converge/gonverge/worker.go:119.2,119.13 1 1
