mode: atomic
github.com/dannyhinshaw/converge/gonverge/gofile.go:22.26,26.2 1 3
github.com/dannyhinshaw/converge/gonverge/gofile.go:29.47,31.2 1 0
github.com/dannyhinshaw/converge/gonverge/gofile.go:34.42,37.2 2 1
github.com/dannyhinshaw/converge/gonverge/gofile.go:41.36,42.21 1 1
github.com/dannyhinshaw/converge/gonverge/gofile.go:42.21,44.3 1 1
github.com/dannyhinshaw/converge/gonverge/gofile.go:46.2,46.30 1 1
github.com/dannyhinshaw/converge/gonverge/gofile.go:46.30,48.3 1 0
github.com/dannyhinshaw/converge/gonverge/gofile.go:50.2,50.38 1 1
github.com/dannyhinshaw/converge/gonverge/gofile.go:55.40,56.25 1 0
github.com/dannyhinshaw/converge/gonverge/gofile.go:56.25,58.3 1 0
github.com/dannyhinshaw/converge/gonverge/gofile.go:60.2,61.25 2 0
github.com/dannyhinshaw/converge/gonverge/gofile.go:61.25,62.30 1 0
github.com/dannyhinshaw/converge/gonverge/gofile.go:62.30,66.4 3 0
github.com/dannyhinshaw/converge/gonverge/gofile.go:67.8,69.30 2 0
github.com/dannyhinshaw/converge/gonverge/gofile.go:69.30,73.4 3 0
github.com/dannyhinshaw/converge/gonverge/gofile.go:74.3,74.29 1 0
github.com/dannyhinshaw/converge/gonverge/gofile.go:77.2,77.25 1 0
github.com/dannyhinshaw/converge/gonverge/gofile.go:81.47,86.24 5 2
github.com/dannyhinshaw/converge/gonverge/gofile.go:86.24,88.3 1 0
github.com/dannyhinshaw/converge/gonverge/gofile.go:89.2,92.48 2 2
github.com/dannyhinshaw/converge/gonverge/gonverge.go:23.58,28.27 2 2
github.com/dannyhinshaw/converge/gonverge/gonverge.go:28.27,30.3 1 2
github.com/dannyhinshaw/converge/gonverge/gonverge.go:32.2,32.13 1 2
github.com/dannyhinshaw/converge/gonverge/gonverge.go:37.95,49.38 5 2
github.com/dannyhinshaw/converge/gonverge/gonverge.go:49.38,51.13 2 2
github.com/dannyhinshaw/converge/gonverge/gonverge.go:51.13,55.4 3 2
github.com/dannyhinshaw/converge/gonverge/gonverge.go:59.2,65.12 3 2
github.com/dannyhinshaw/converge/gonverge/gonverge.go:65.12,69.3 3 2
github.com/dannyhinshaw/converge/gonverge/gonverge.go:72.2,73.16 2 2
github.com/dannyhinshaw/converge/gonverge/gonverge.go:73.16,75.3 1 0
github.com/dannyhinshaw/converge/gonverge/gonverge.go:78.2,79.16 2 2
github.com/dannyhinshaw/converge/gonverge/gonverge.go:79.16,81.3 1 1
github.com/dannyhinshaw/converge/gonverge/gonverge.go:84.2,85.16 2 1
github.com/dannyhinshaw/converge/gonverge/gonverge.go:85.16,87.3 1 0
github.com/dannyhinshaw/converge/gonverge/gonverge.go:89.2,89.12 1 1
github.com/dannyhinshaw/converge/gonverge/gonverge.go:97.20,99.6 2 2
github.com/dannyhinshaw/converge/gonverge/gonverge.go:99.6,100.10 1 3
github.com/dannyhinshaw/converge/gonverge/gonverge.go:101.21,102.25 1 0
github.com/dannyhinshaw/converge/gonverge/gonverge.go:103.27,104.11 1 2
github.com/dannyhinshaw/converge/gonverge/gonverge.go:104.11,106.5 1 2
github.com/dannyhinshaw/converge/gonverge/gonverge.go:107.4,107.19 1 0
github.com/dannyhinshaw/converge/gonverge/gonverge.go:108.25,109.11 1 1
github.com/dannyhinshaw/converge/gonverge/gonverge.go:109.11,111.5 1 0
github.com/dannyhinshaw/converge/gonverge/gonverge.go:112.4,112.15 1 1
github.com/dannyhinshaw/converge/gonverge/options.go:7.44,8.36 1 2
github.com/dannyhinshaw/converge/gonverge/options.go:8.36,10.3 1 2
github.com/dannyhinshaw/converge/gonverge/options.go:14.51,15.36 1 0
github.com/dannyhinshaw/converge/gonverge/options.go:15.36,17.3 1 0
github.com/dannyhinshaw/converge/gonverge/processor.go:49.55,53.2 1 1
github.com/dannyhinshaw/converge/gonverge/processor.go:57.52,59.16 2 1
github.com/dannyhinshaw/converge/gonverge/processor.go:59.16,61.3 1 0
github.com/dannyhinshaw/converge/gonverge/processor.go:63.2,65.21 3 1
github.com/dannyhinshaw/converge/gonverge/processor.go:65.21,66.34 1 2
github.com/dannyhinshaw/converge/gonverge/processor.go:67.46,69.29 2 1
github.com/dannyhinshaw/converge/gonverge/processor.go:70.55,71.32 1 0
github.com/dannyhinshaw/converge/gonverge/processor.go:72.49,73.60 1 0
github.com/dannyhinshaw/converge/gonverge/processor.go:74.73,75.29 1 0
github.com/dannyhinshaw/converge/gonverge/processor.go:76.22,77.23 1 0
github.com/dannyhinshaw/converge/gonverge/processor.go:78.19,79.24 1 1
github.com/dannyhinshaw/converge/gonverge/processor.go:80.11,81.24 1 0
github.com/dannyhinshaw/converge/gonverge/processor.go:84.2,84.37 1 1
github.com/dannyhinshaw/converge/gonverge/processor.go:84.37,86.3 1 0
github.com/dannyhinshaw/converge/gonverge/processor.go:88.2,88.17 1 1
github.com/dannyhinshaw/converge/gonverge/processor.go:93.42,95.2 1 2
github.com/dannyhinshaw/converge/gonverge/processor.go:99.39,101.2 1 1
github.com/dannyhinshaw/converge/gonverge/worker.go:26.95,32.2 1 2
github.com/dannyhinshaw/converge/gonverge/worker.go:36.45,38.90 2 2
github.com/dannyhinshaw/converge/gonverge/worker.go:38.90,39.17 1 3
github.com/dannyhinshaw/converge/gonverge/worker.go:39.17,41.4 1 0
github.com/dannyhinshaw/converge/gonverge/worker.go:42.3,42.16 1 3
github.com/dannyhinshaw/converge/gonverge/worker.go:42.16,44.4 1 2
github.com/dannyhinshaw/converge/gonverge/worker.go:46.3,47.17 2 1
github.com/dannyhinshaw/converge/gonverge/worker.go:47.17,49.4 1 0
github.com/dannyhinshaw/converge/gonverge/worker.go:50.3,50.36 1 1
github.com/dannyhinshaw/converge/gonverge/worker.go:50.36,52.4 1 0
github.com/dannyhinshaw/converge/gonverge/worker.go:54.3,57.13 3 1
github.com/dannyhinshaw/converge/gonverge/worker.go:59.2,59.16 1 2
github.com/dannyhinshaw/converge/gonverge/worker.go:59.16,61.3 1 0
github.com/dannyhinshaw/converge/gonverge/worker.go:79.96,85.2 1 2
github.com/dannyhinshaw/converge/gonverge/worker.go:94.54,95.6 1 2
github.com/dannyhinshaw/converge/gonverge/worker.go:95.6,96.10 1 3
github.com/dannyhinshaw/converge/gonverge/worker.go:97.21,98.10 1 0
github.com/dannyhinshaw/converge/gonverge/worker.go:99.19,100.10 1 0
github.com/dannyhinshaw/converge/gonverge/worker.go:101.28,102.11 1 3
github.com/dannyhinshaw/converge/gonverge/worker.go:102.11,104.5 1 2
github.com/dannyhinshaw/converge/gonverge/worker.go:105.4,107.18 3 1
github.com/dannyhinshaw/converge/gonverge/worker.go:107.18,110.5 2 0
github.com/dannyhinshaw/converge/gonverge/worker.go:111.4,111.19 1 1
github.com/dannyhinshaw/converge/gonverge/worker.go:117.62,119.37 2 1
github.com/dannyhinshaw/converge/gonverge/worker.go:119.37,121.3 1 0
github.com/dannyhinshaw/converge/gonverge/worker.go:122.2,122.41 1 1
github.com/dannyhinshaw/converge/gonverge/worker.go:122.41,124.3 1 0
github.com/dannyhinshaw/converge/gonverge/worker.go:128.2,128.35 1 1
github.com/dannyhinshaw/converge/gonverge/worker.go:128.35,129.22 1 0
github.com/dannyhinshaw/converge/gonverge/worker.go:129.22,131.4 1 0
github.com/dannyhinshaw/converge/gonverge/worker.go:134.2,134.13 1 1
